c:\steps\projectforreaddata_fix28\projectforreaddata\debug\projectforreaddata.pch
c:\steps\projectforreaddata_fix28\projectforreaddata\debug\vc141.pdb
c:\steps\projectforreaddata_fix28\projectforreaddata\debug\stdafx.obj
c:\steps\projectforreaddata_fix28\projectforreaddata\debug\wifilistener.obj
c:\steps\projectforreaddata_fix28\projectforreaddata\debug\way_load.obj
c:\steps\projectforreaddata_fix28\projectforreaddata\debug\un2.obj
c:\steps\projectforreaddata_fix28\projectforreaddata\debug\com_port.obj
c:\steps\projectforreaddata_fix28\projectforreaddata\debug\projectforreaddata.obj
c:\steps\projectforreaddata_fix28\projectforreaddata\debug\assemblyinfo.obj
c:\steps\projectforreaddata_fix28\projectforreaddata\debug\.netframework,version=v4.6.1.assemblyattributes.obj
c:\steps\projectforreaddata_fix28\projectforreaddata\debug\.netframework,version=v4.6.1.assemblyattributes.asm
c:\steps\projectforreaddata_fix28\debug\projectforreaddata.exe
c:\steps\projectforreaddata_fix28\debug\projectforreaddata.pdb
c:\steps\projectforreaddata_fix28\projectforreaddata\debug\projectf.6aeb817b.tlog\metagen.write.1.tlog
c:\steps\projectforreaddata_fix28\projectforreaddata\debug\projectforreaddata.form1.resources
c:\steps\projectforreaddata_fix28\projectforreaddata\debug\app.res
c:\steps\projectforreaddata_fix28\projectforreaddata\debug\projectforreaddata.vcxproj.generateresource.cache
c:\steps\projectforreaddata_fix28\projectforreaddata\debug\projectforreaddata.vcxproj.resolvecomreference.cache
c:\steps\projectforreaddata_fix28\projectforreaddata\debug\projectforreaddata.vcxprojresolveassemblyreference.cache
c:\steps\projectforreaddata_fix28\projectforreaddata\debug\projectf.6aeb817b.tlog\cl.command.1.tlog
c:\steps\projectforreaddata_fix28\projectforreaddata\debug\projectf.6aeb817b.tlog\cl.read.1.tlog
c:\steps\projectforreaddata_fix28\projectforreaddata\debug\projectf.6aeb817b.tlog\cl.write.1.tlog
c:\steps\projectforreaddata_fix28\projectforreaddata\debug\projectf.6aeb817b.tlog\link.command.1.tlog
c:\steps\projectforreaddata_fix28\projectforreaddata\debug\projectf.6aeb817b.tlog\link.read.1.tlog
c:\steps\projectforreaddata_fix28\projectforreaddata\debug\projectf.6aeb817b.tlog\link.write.1.tlog
c:\steps\projectforreaddata_fix28\projectforreaddata\debug\projectf.6aeb817b.tlog\metagen.read.1.tlog
c:\steps\projectforreaddata_fix28\projectforreaddata\debug\projectf.6aeb817b.tlog\projectforreaddata.write.1u.tlog
c:\steps\projectforreaddata_fix28\projectforreaddata\debug\projectf.6aeb817b.tlog\rc.command.1.tlog
c:\steps\projectforreaddata_fix28\projectforreaddata\debug\projectf.6aeb817b.tlog\rc.read.1.tlog
c:\steps\projectforreaddata_fix28\projectforreaddata\debug\projectf.6aeb817b.tlog\rc.write.1.tlog
c:\steps\projectforreaddata_fix28\projectforreaddata\debug\projectf.6aeb817b.tlog\interop.wmlss.1.0.dll.metagen
c:\steps\projectforreaddata_fix28\projectforreaddata\debug\projectf.6aeb817b.tlog\tzres.dll.bi
